2023-08-06 08:43:48.296430 - Initialized conversion of CBT963
2023-08-06 08:43:48.506830 - Received CBT.V505.FILE963.PDS from FILE963.XMI 
2023-08-06 08:43:48.508985 - Found $$$#DATE.txt (text/plain) in CBT.V505.FILE963.PDS, moved to PDS/$$$#DATE
2023-08-06 08:43:48.509878 - Found $$$LIST.txt (text/plain) in CBT.V505.FILE963.PDS, moved to PDS/$$$LIST
2023-08-06 08:43:48.511312 - Found $$LISTS.txt (text/plain) in CBT.V505.FILE963.PDS, moved to PDS/$$LISTS
2023-08-06 08:43:48.512228 - Found $$NOTE01.txt (text/plain) in CBT.V505.FILE963.PDS, moved to PDS/$$NOTE01
2023-08-06 08:43:48.513100 - Found $$README.txt (text/plain) in CBT.V505.FILE963.PDS, moved to PDS/$$README
2023-08-06 08:43:48.513985 - Found $INSTALL.txt (text/plain) in CBT.V505.FILE963.PDS, moved to PDS/$INSTALL
2023-08-06 08:43:48.514807 - Found $XREC.rexx (text/plain) in CBT.V505.FILE963.PDS, moved to PDS/$XREC
2023-08-06 08:43:48.515605 - Found @FILE963.txt (text/plain) in CBT.V505.FILE963.PDS, moved to PDS/@FILE963
2023-08-06 08:43:48.536870 - Found CNTL.xmi (application/xmit) in CBT.V505.FILE963.PDS
2023-08-06 08:43:48.542769   - Received to CBT963/DYNAMIC.CNTL
2023-08-06 08:43:48.648307 - Found EXEC.xmi (application/xmit) in CBT.V505.FILE963.PDS
2023-08-06 08:43:48.660363   - Received to CBT963/DYNAMIC.EXEC
2023-08-06 08:43:48.785348 - Found ISPGLIB.xmi (application/xmit) in CBT.V505.FILE963.PDS
2023-08-06 08:43:48.806271   - Received to CBT963/DYNAMIC.ISPGLIB
2023-08-06 08:43:48.847788 - Found ISPPLIB.xmi (application/xmit) in CBT.V505.FILE963.PDS
2023-08-06 08:43:48.858201   - Received to CBT963/DYNAMIC.ISPPLIB
2023-08-06 08:43:48.874164 - Found ISPTLIB.xmi (application/xmit) in CBT.V505.FILE963.PDS
2023-08-06 08:43:48.883454   - Received to CBT963/DYNAMIC.ISPTLIB
2023-08-06 08:43:48.885233 - De-xmi-ed PDFPS to CBT963/docs/PDFPS.pdf
2023-08-06 08:43:48.887074 - De-xmi-ed PDFUSE to CBT963/docs/PDFUSE.pdf
2023-08-06 08:43:48.888813 - De-xmi-ed PDF1 to CBT963/docs/PDF1.pdf
2023-08-06 08:43:48.890685 - De-xmi-ed PDF2 to CBT963/docs/PDF2.pdf
2023-08-06 08:43:48.972462 - Found PLP.xmi (application/xmit) in CBT.V505.FILE963.PDS
2023-08-06 08:43:48.982115   - Received to CBT963/DYNAMIC.PLP
2023-08-06 08:43:48.983058 - Found PLP#LIST.txt (text/plain) in CBT.V505.FILE963.PDS, moved to PDS/PLP#LIST
2023-08-06 08:43:49.038442 - Found USERMODS.xmi (application/xmit) in CBT.V505.FILE963.PDS
2023-08-06 08:43:49.051279   - Received to CBT963/DYNAMIC.USERMODS
